c:\users\ranji\source\repos\eamscommonlib\release\eamscommonlib.pch
c:\users\ranji\source\repos\eamscommonlib\release\eamscommonlib.pdb
c:\users\ranji\source\repos\eamscommonlib\release\pch.obj
c:\users\ranji\source\repos\eamscommonlib\release\utility.obj
c:\users\ranji\source\repos\eamscommonlib\release\role.obj
c:\users\ranji\source\repos\eamscommonlib\release\resultset.obj
c:\users\ranji\source\repos\eamscommonlib\release\location.obj
c:\users\ranji\source\repos\eamscommonlib\release\keyvaluepair.obj
c:\users\ranji\source\repos\eamscommonlib\release\holiday.obj
c:\users\ranji\source\repos\eamscommonlib\release\eamscommonlib.obj
c:\users\ranji\source\repos\eamscommonlib\release\command.obj
c:\users\ranji\source\repos\eamscommonlib\release\attendance.obj
c:\users\ranji\source\repos\eamscommonlib\release\absence.obj
c:\users\ranji\source\repos\eamscommonlib\release\vcpkg.applocal.log
c:\users\ranji\source\repos\eamscommonlib\release\eamscommonlib.lib
c:\users\ranji\source\repos\eamscommonlib\release\eamscommonlib.tlog\cl.command.1.tlog
c:\users\ranji\source\repos\eamscommonlib\release\eamscommonlib.tlog\cl.read.1.tlog
c:\users\ranji\source\repos\eamscommonlib\release\eamscommonlib.tlog\cl.write.1.tlog
c:\users\ranji\source\repos\eamscommonlib\release\eamscommonlib.tlog\eamscommonlib.write.1u.tlog
c:\users\ranji\source\repos\eamscommonlib\release\eamscommonlib.tlog\lib-link.write.1.tlog
c:\users\ranji\source\repos\eamscommonlib\release\eamscommonlib.tlog\lib.command.1.tlog
c:\users\ranji\source\repos\eamscommonlib\release\eamscommonlib.tlog\lib.read.1.tlog
